<?xml version="1.0" encoding="UTF-8"?>
<!-- Generated by org.testng.reporters.JUnitXMLReporter -->
<testsuite hostname="Alpha-PC" ignored="0" name="Web Tests" tests="8" failures="0" timestamp="2022-06-28T21:06:31 IDT" time="56.66" errors="0">
  <testcase name="Test01_VerifyHeader" time="3.245" classname="sanity.GrafanaWeb"/>
  <testcase name="Test02_VerifyDefultUsers" time="1.452" classname="sanity.GrafanaWeb"/>
  <testcase name="Test03_VerifyNewUser" time="2.204" classname="sanity.GrafanaWeb"/>
  <testcase name="Test04_VerifyUserDeletion" time="6.771" classname="sanity.GrafanaWeb"/>
  <testcase name="Test05_verifyBasicSteps" time="0.46" classname="sanity.GrafanaWeb"/>
  <testcase name="Test07_searchUsers" time="12.531" classname="sanity.GrafanaWeb"/>
  <testcase name="Test07_searchUsers" time="4.183" classname="sanity.GrafanaWeb"/>
  <testcase name="Test07_searchUsers" time="12.557" classname="sanity.GrafanaWeb"/>
</testsuite> <!-- Web Tests -->
